<?xml version="1.0" encoding="UTF-8"?>
<!-- Generated by org.testng.reporters.JUnitReportReporter -->
<testsuite hostname="DESKTOP-DCEJNHE" failures="0" tests="1" name="newTestWn.RSASubscribeTest" time="11.231" errors="0" timestamp="2022-03-25T13:00:44 CET" skipped="0">
  <testcase classname="newTestWn.RSASubscribeTest" name="subscribeRSATest" time="11.231"/>
  <system-out/>
</testsuite> <!-- newTestWn.RSASubscribeTest -->
