<?xml version="1.0" encoding="UTF-8"?>
<!-- Generated by org.testng.reporters.JUnitReportReporter -->
<testsuite hostname="DESKTOP-DCEJNHE" failures="0" tests="1" name="homePageValidation.HideShowButtonTest" time="88.479" errors="0" timestamp="2022-03-16T23:58:22 CET" skipped="0">
  <testcase classname="homePageValidation.HideShowButtonTest" name="hideShowButtonTest" time="88.479"/>
  <system-out/>
</testsuite> <!-- homePageValidation.HideShowButtonTest -->
