<?xml version="1.0" encoding="UTF-8"?>
<!-- Generated by org.testng.reporters.JUnitReportReporter -->
<testsuite hostname="DESKTOP-DCEJNHE" failures="0" tests="1" name="MyFramework.NavigateToLoginPage" time="26.819" errors="0" timestamp="2022-03-18T21:11:35 CET" skipped="0">
  <testcase classname="MyFramework.NavigateToLoginPage" name="navigateToLoginPage" time="26.819"/>
  <system-out/>
</testsuite> <!-- MyFramework.NavigateToLoginPage -->
