<?xml version="1.0" encoding="UTF-8"?>
<!-- Generated by org.testng.reporters.JUnitReportReporter -->
<testsuite hostname="DESKTOP-DCEJNHE" failures="0" tests="1" name="MyFramework.DriverManagerTest" time="10.486" errors="0" timestamp="2022-03-16T23:58:22 CET" skipped="0">
  <testcase classname="MyFramework.DriverManagerTest" name="testDriverManager" time="10.486"/>
  <system-out/>
</testsuite> <!-- MyFramework.DriverManagerTest -->
