<?xml version="1.0" encoding="UTF-8"?>
<!-- Generated by org.testng.reporters.JUnitReportReporter -->
<testsuite hostname="Pavles-MacBook-Pro.local" failures="0" tests="1" name="MyFramework.NavigateToLoginPage" time="38.217" errors="0" timestamp="2022-03-24T17:39:19 CET" skipped="0">
  <testcase classname="MyFramework.NavigateToLoginPage" name="automationPageFrameNavigation" time="38.217"/>
  <system-out/>
</testsuite> <!-- MyFramework.NavigateToLoginPage -->
