<?xml version="1.0" encoding="UTF-8"?>
<!-- Generated by org.testng.reporters.JUnitReportReporter -->
<testsuite hostname="Pavles-MacBook-Pro.local" failures="0" tests="1" name="homePageValidation.LinkValidation" time="47.682" errors="0" timestamp="2022-03-24T14:32:39 CET" skipped="0">
  <testcase classname="homePageValidation.LinkValidation" name="homePageValidation" time="47.682"/>
  <system-out/>
</testsuite> <!-- homePageValidation.LinkValidation -->
