<?xml version="1.0" encoding="UTF-8"?>
<!-- Generated by org.testng.reporters.JUnitReportReporter -->
<testsuite hostname="Pavles-MacBook-Pro.local" failures="0" tests="1" name="newTestWn.RSASubscribePlatinumTest" time="14.195" errors="0" timestamp="2022-03-25T13:50:33 CET" skipped="0">
  <testcase classname="newTestWn.RSASubscribePlatinumTest" name="subscrbePlatinumTest" time="14.195"/>
  <system-out/>
</testsuite> <!-- newTestWn.RSASubscribePlatinumTest -->
