<?xml version="1.0" encoding="UTF-8"?>
<!-- Generated by org.testng.reporters.JUnitReportReporter -->
<testsuite hostname="DESKTOP-DCEJNHE" failures="0" tests="1" name="MyFramework.NavigateToLoginPage" time="25.550" errors="0" timestamp="2022-03-24T17:33:34 CET" skipped="0">
  <testcase classname="MyFramework.NavigateToLoginPage" name="automationPageFrameNavigation" time="25.550"/>
  <system-out/>
</testsuite> <!-- MyFramework.NavigateToLoginPage -->
