<?xml version="1.0" encoding="UTF-8"?>
<!-- Generated by org.testng.reporters.JUnitReportReporter -->
<testsuite hostname="Pavles-MacBook-Pro.local" failures="0" tests="1" name="newTestWn.RSASubscribeTest" time="12.500" errors="0" timestamp="2022-03-25T13:29:50 CET" skipped="0">
  <testcase classname="newTestWn.RSASubscribeTest" name="subscribeRSATest" time="12.500"/>
  <system-out/>
</testsuite> <!-- newTestWn.RSASubscribeTest -->
