<?xml version="1.0" encoding="UTF-8"?>
<!-- Generated by org.testng.reporters.JUnitReportReporter -->
<testsuite hostname="Pavles-MacBook-Pro.local" failures="0" tests="1" name="MyFramework.NavigateToLoginPage" time="65.409" errors="0" timestamp="2022-03-24T15:31:05 CET" skipped="0">
  <testcase classname="MyFramework.NavigateToLoginPage" name="navigateToLoginPage" time="65.409"/>
  <system-out/>
</testsuite> <!-- MyFramework.NavigateToLoginPage -->
