<?xml version="1.0" encoding="UTF-8"?>
<!-- Generated by org.testng.reporters.JUnitReportReporter -->
<testsuite hostname="DESKTOP-DCEJNHE" failures="0" tests="2" name="MyFramework.NavigateToLoginPage" time="61.434" errors="0" timestamp="2022-03-17T02:54:21 CET" skipped="0">
  <testcase classname="MyFramework.NavigateToLoginPage" name="automationPageFrameNavigation" time="37.154"/>
  <system-out/>
  <testcase classname="MyFramework.NavigateToLoginPage" name="navigateToLoginPage" time="24.280"/>
  <system-out/>
</testsuite> <!-- MyFramework.NavigateToLoginPage -->
