<?xml version="1.0" encoding="UTF-8"?>
<!-- Generated by org.testng.reporters.JUnitReportReporter -->
<testsuite hostname="DESKTOP-DCEJNHE" failures="0" tests="1" name="homePageValidation.HideShowButtonTest" time="56.183" errors="0" timestamp="2022-03-17T02:54:21 CET" skipped="0">
  <testcase classname="homePageValidation.HideShowButtonTest" name="hideShowButtonTest" time="56.183"/>
  <system-out/>
</testsuite> <!-- homePageValidation.HideShowButtonTest -->
